
 Example 1: Alcohol Consumption


 Output for Model 1 (Evaluating linear growth using Wald test)


Note: model contains equality constraints:

  lhs op rhs
1   5 ==   6
2   5 ==   7

$lambda
      int growth
time1   0      0
time2   0      0
time3   0      1

$theta
      time1 time2 time3
time1 5                
time2 0     6          
time3 0     0     7    

$psi
       int growth
int    2         
growth 3   4     

$nu
      intrcp
time1      0
time2      0
time3      0

$alpha
       intrcp
int         8
growth      9

lavaan 0.6-3 ended normally after 67 iterations

  Optimization method                           NLMINB
  Number of free parameters                          9
  Number of equality constraints                     2

  Number of observations                           343

  Estimator                                         ML
  Model Fit Test Statistic                       2.468
  Degrees of freedom                                 2
  P-value (Chi-square)                           0.291

Model test baseline model:

  Minimum Function Test Statistic              219.563
  Degrees of freedom                                 3
  P-value                                        0.000

User model versus baseline model:

  Comparative Fit Index (CFI)                    0.998
  Tucker-Lewis Index (TLI)                       0.997

Loglikelihood and Information Criteria:

  Loglikelihood user model (H0)              -3465.563
  Loglikelihood unrestricted model (H1)      -3464.329

  Number of free parameters                          7
  Akaike (AIC)                                6945.125
  Bayesian (BIC)                              6971.990
  Sample-size adjusted Bayesian (BIC)         6949.784

Root Mean Square Error of Approximation:

  RMSEA                                          0.026
  90 Percent Confidence Interval          0.000  0.114
  P-value RMSEA <= 0.05                          0.550

Standardized Root Mean Square Residual:

  SRMR                                           0.029

Parameter Estimates:

  Information                                 Expected
  Information saturated (h1) model          Structured
  Standard Errors                             Standard

Latent Variables:
                   Estimate  Std.Err  z-value  P(>|z|)   Std.lv  Std.all
  int =~                                                                
    time1             1.000                               5.262    0.702
    time2             1.000                               5.262    0.678
    time3             1.000                               5.262    0.644
  growth =~                                                             
    time1             0.000                               0.000    0.000
    time2             1.000                               2.505    0.323
    time3   (la32)    1.496    0.258    5.794    0.000    3.748    0.459

Covariances:
                   Estimate  Std.Err  z-value  P(>|z|)   Std.lv  Std.all
  int ~~                                                                
    growth           -1.156    2.971   -0.389    0.697   -0.088   -0.088

Intercepts:
                   Estimate  Std.Err  z-value  P(>|z|)   Std.lv  Std.all
   .time1             0.000                               0.000    0.000
   .time2             0.000                               0.000    0.000
   .time3             0.000                               0.000    0.000
    int               8.314    0.402   20.669    0.000    1.580    1.580
    growth            1.674    0.389    4.307    0.000    0.668    0.668

Variances:
                   Estimate  Std.Err  z-value  P(>|z|)   Std.lv  Std.all
    int              27.687    4.608    6.008    0.000    1.000    1.000
    growth            6.276    3.535    1.775    0.076    1.000    1.000
   .time1     (c1)   28.530    2.179   13.096    0.000   28.530    0.507
   .time2     (c1)   28.530    2.179   13.096    0.000   28.530    0.474
   .time3     (c1)   28.530    2.179   13.096    0.000   28.530    0.427

Defined Parameters:
                   Estimate  Std.Err  z-value  P(>|z|)   Std.lv  Std.all
    linear           -0.504    0.258   -1.950    0.051    1.748   -1.541


 Output for Model 2 (Evaluating linear growth using LR test)

lavaan 0.6-3 ended normally after 55 iterations

  Optimization method                           NLMINB
  Number of free parameters                          8
  Number of equality constraints                     2

  Number of observations                           343

  Estimator                                         ML
  Model Fit Test Statistic                       4.614
  Degrees of freedom                                 3
  P-value (Chi-square)                           0.202

Model test baseline model:

  Minimum Function Test Statistic              219.563
  Degrees of freedom                                 3
  P-value                                        0.000

User model versus baseline model:

  Comparative Fit Index (CFI)                    0.993
  Tucker-Lewis Index (TLI)                       0.993

Loglikelihood and Information Criteria:

  Loglikelihood user model (H0)              -3466.636
  Loglikelihood unrestricted model (H1)      -3464.329

  Number of free parameters                          6
  Akaike (AIC)                                6945.271
  Bayesian (BIC)                              6968.298
  Sample-size adjusted Bayesian (BIC)         6949.264

Root Mean Square Error of Approximation:

  RMSEA                                          0.040
  90 Percent Confidence Interval          0.000  0.107
  P-value RMSEA <= 0.05                          0.508

Standardized Root Mean Square Residual:

  SRMR                                           0.041

Parameter Estimates:

  Information                                 Expected
  Information saturated (h1) model          Structured
  Standard Errors                             Standard

Latent Variables:
                   Estimate  Std.Err  z-value  P(>|z|)   Std.lv  Std.all
  int =~                                                                
    time1             1.000                               5.335    0.707
    time2             1.000                               5.335    0.697
    time3             1.000                               5.335    0.648
  growth =~                                                             
    time1             0.000                               0.000    0.000
    time2             1.000                               1.944    0.254
    time3             2.000                               3.888    0.472

Covariances:
                   Estimate  Std.Err  z-value  P(>|z|)   Std.lv  Std.all
  int ~~                                                                
    growth           -1.056    2.145   -0.492    0.622   -0.102   -0.102

Intercepts:
                   Estimate  Std.Err  z-value  P(>|z|)   Std.lv  Std.all
   .time1             0.000                               0.000    0.000
   .time2             0.000                               0.000    0.000
   .time3             0.000                               0.000    0.000
    int               8.457    0.390   21.682    0.000    1.585    1.585
    growth            1.250    0.229    5.455    0.000    0.643    0.643

Variances:
                   Estimate  Std.Err  z-value  P(>|z|)   Std.lv  Std.all
   .time1     (c1)   28.460    2.173   13.096    0.000   28.460    0.500
   .time2     (c1)   28.460    2.173   13.096    0.000   28.460    0.486
   .time3     (c1)   28.460    2.173   13.096    0.000   28.460    0.420
    int              28.464    4.377    6.503    0.000    1.000    1.000
    growth            3.780    1.753    2.156    0.031    1.000    1.000


 Model Comparisons

Chi Square Difference Test

     Df    AIC    BIC  Chisq Chisq diff Df diff Pr(>Chisq)
fit1  2 6945.1 6972.0 2.4680                              
fit2  3 6945.3 6968.3 4.6137     2.1456       1      0.143
