[[1]]
   motivation productivity
1           0           42
2           0           46
3           1           39
4           1           37
5           3           65
6           4           88
7           5           86
8           6           56
9           7           62
10          8           92
11          8           54
12         12           81


 compute Spearman correlation and its test 
             motivation productivity
motivation         1.00         0.62
productivity       0.62         1.00

n= 12 


P
             motivation productivity
motivation              0.0333      
productivity 0.0333                 
