
 Print Data Set 

   transportation salary count
1               1      1    10
2               1      2     1
3               1      3     4
4               2      1     5
5               2      2     3
6               2      3     6
7               3      1     3
8               3      2    12
9               3      3     2
10              4      1     3
11              4      2     3
12              4      3     8

 Print table 

              salary
transportation decrease no change increase
       walking       10         1        4
       bus            5         3        6
       minibus        3        12        2
       taxi           3         3        8

 Lambda coefficient: Row variable (transportation) as outcome 

   lambda    lwr.ci    upr.ci 
0.3023256 0.1197385 0.4849126 

 Lambda coefficient: Column variable (salary) as outcome 

   lambda    lwr.ci    upr.ci 
0.3846154 0.1448107 0.6244201 

 Symmetric Lambda coefficient 

   lambda    lwr.ci    upr.ci 
0.3414634 0.1576402 0.5252866 
